timestamp: 2018-04-10T15:42:23.874767
CREATE TABLE "web2py_session_start"(
    "id" INTEGER PRIMARY KEY AUTOINCREMENT,
    "locked" CHAR(1),
    "client_ip" CHAR(64),
    "created_datetime" TIMESTAMP,
    "modified_datetime" TIMESTAMP,
    "unique_key" CHAR(64),
    "session_data" BLOB
);
success!
timestamp: 2018-04-10T15:42:23.885108
CREATE TABLE "auth_user"(
    "id" INTEGER PRIMARY KEY AUTOINCREMENT,
    "first_name" CHAR(128),
    "last_name" CHAR(128),
    "email" CHAR(512),
    "password" CHAR(512),
    "registration_key" CHAR(512),
    "reset_password_key" CHAR(512),
    "registration_id" CHAR(512)
);
success!
timestamp: 2018-04-10T15:42:23.890321
CREATE TABLE "auth_group"(
    "id" INTEGER PRIMARY KEY AUTOINCREMENT,
    "role" CHAR(512),
    "description" TEXT
);
success!
timestamp: 2018-04-10T15:42:23.894286
CREATE TABLE "auth_membership"(
    "id" INTEGER PRIMARY KEY AUTOINCREMENT,
    "user_id" INTEGER REFERENCES "auth_user" ("id") ON DELETE CASCADE  ,
    "group_id" INTEGER REFERENCES "auth_group" ("id") ON DELETE CASCADE  
);
success!
timestamp: 2018-04-10T15:42:23.898626
CREATE TABLE "auth_permission"(
    "id" INTEGER PRIMARY KEY AUTOINCREMENT,
    "group_id" INTEGER REFERENCES "auth_group" ("id") ON DELETE CASCADE  ,
    "name" CHAR(512),
    "table_name" CHAR(512),
    "record_id" INTEGER
);
success!
timestamp: 2018-04-10T15:42:23.903663
CREATE TABLE "auth_event"(
    "id" INTEGER PRIMARY KEY AUTOINCREMENT,
    "time_stamp" TIMESTAMP,
    "client_ip" CHAR(512),
    "user_id" INTEGER REFERENCES "auth_user" ("id") ON DELETE CASCADE  ,
    "origin" CHAR(512),
    "description" TEXT
);
success!
timestamp: 2018-04-10T15:42:23.909108
CREATE TABLE "auth_cas"(
    "id" INTEGER PRIMARY KEY AUTOINCREMENT,
    "user_id" INTEGER REFERENCES "auth_user" ("id") ON DELETE CASCADE  ,
    "created_on" TIMESTAMP,
    "service" CHAR(512),
    "ticket" CHAR(512),
    "renew" CHAR(1)
);
success!
timestamp: 2018-06-06T16:56:48.947884
CREATE TABLE "web2py_session_finalproject"(
    "id" INTEGER PRIMARY KEY AUTOINCREMENT,
    "locked" CHAR(1),
    "client_ip" CHAR(64),
    "created_datetime" TIMESTAMP,
    "modified_datetime" TIMESTAMP,
    "unique_key" CHAR(64),
    "session_data" BLOB
);
success!
timestamp: 2018-06-06T17:01:23.168588
CREATE TABLE "recipes"(
    "id" INTEGER PRIMARY KEY AUTOINCREMENT,
    "name" TEXT,
    "image" CHAR(512),
    "description" TEXT,
    "instr" TEXT,
    "prep_t" INTEGER,
    "cook_t" INTEGER
);
success!
timestamp: 2018-06-06T17:01:23.174776
CREATE TABLE "ingredients"(
    "id" INTEGER PRIMARY KEY AUTOINCREMENT,
    "recipe_id" INTEGER REFERENCES "recipes" ("id") ON DELETE CASCADE  
);
success!
timestamp: 2018-06-06T17:01:23.177164
CREATE TABLE "tags"(
    "id" INTEGER PRIMARY KEY AUTOINCREMENT
);
success!
timestamp: 2018-06-06T17:01:23.179396
CREATE TABLE "concepts"(
    "id" INTEGER PRIMARY KEY AUTOINCREMENT
);
success!
timestamp: 2018-06-06T17:01:23.182268
CREATE TABLE "reviews"(
    "id" INTEGER PRIMARY KEY AUTOINCREMENT,
    "recipe_id" INTEGER REFERENCES "recipes" ("id") ON DELETE CASCADE  ,
    "written_by" INTEGER REFERENCES "auth_user" ("id") ON DELETE CASCADE  ,
    "rating" INTEGER,
    "title" TEXT,
    "body" TEXT
);
success!
